<?xml version="1.0" encoding="UTF-8"?>
<!-- Generated by org.testng.reporters.JUnitReportReporter -->
<testsuite hostname="CPDK245" failures="0" tests="1" name="StepDefinition.PageFactoryTestRunner" time="168.257" errors="0" timestamp="2024-07-12T15:10:05 IST" skipped="0">
  <testcase classname="StepDefinition.PageFactoryTestRunner" name="runScenario" time="168.257"/>
</testsuite> <!-- StepDefinition.PageFactoryTestRunner -->
